0 info it worked if it ends with ok
1 verbose cli [ '/usr/local/bin/node', '/usr/local/bin/npm', 'start' ]
2 info using npm@3.6.0
3 info using node@v5.7.0
4 verbose stack Error: Failed to parse json
4 verbose stack No value found for key contributors at 7:19
4 verbose stack   "contributors": <%= JSON.stringify(packageJson.contributors) %>,
4 verbose stack                   ^
4 verbose stack     at parseError (/usr/local/lib/node_modules/npm/node_modules/read-package-json/read-json.js:379:11)
4 verbose stack     at parseJson (/usr/local/lib/node_modules/npm/node_modules/read-package-json/read-json.js:68:23)
4 verbose stack     at /usr/local/lib/node_modules/npm/node_modules/read-package-json/read-json.js:48:5
4 verbose stack     at /usr/local/lib/node_modules/npm/node_modules/graceful-fs/graceful-fs.js:76:16
4 verbose stack     at tryToString (fs.js:414:3)
4 verbose stack     at FSReqWrap.readFileAfterClose [as oncomplete] (fs.js:401:12)
5 verbose cwd /Users/brendan/projects/angular-quickstart/angular2
6 error Darwin 15.3.0
7 error argv "/usr/local/bin/node" "/usr/local/bin/npm" "start"
8 error node v5.7.0
9 error npm  v3.6.0
10 error file /Users/brendan/projects/angular-quickstart/angular2/package.json
11 error code EJSONPARSE
12 error Failed to parse json
12 error No value found for key contributors at 7:19
12 error   "contributors": <%= JSON.stringify(packageJson.contributors) %>,
12 error                   ^
13 error File: /Users/brendan/projects/angular-quickstart/angular2/package.json
14 error Failed to parse package.json data.
14 error package.json must be actual JSON, not just JavaScript.
14 error
14 error This is not a bug in npm.
14 error Tell the package author to fix their package.json file. JSON.parse
15 verbose exit [ 1, true ]
